<?xml version="1.0" encoding="UTF-8"?>
<!-- Generated by org.testng.reporters.JUnitReportReporter -->
<testsuite hostname="Windows81" name="ProjectForJenkin.ProjectForJenkin.FetchDataTest" tests="1" failures="0" timestamp="6 Oct 2019 07:22:15 GMT" time="2.624" errors="0">
  <testcase name="fetchResouces" time="2.624" classname="ProjectForJenkin.ProjectForJenkin.FetchDataTest"/>
</testsuite> <!-- ProjectForJenkin.ProjectForJenkin.FetchDataTest -->
